<?xml version="1.0" encoding="UTF-8" standalone="yes"?><!DOCTYPE report PUBLIC "-//JACOCO//DTD Report 1.1//EN" "report.dtd"><report name="registro-archivo"><sessioninfo id="mairFG-2.local-83bf928a" start="1652679407999" dump="1652679409040"/><sessioninfo id="mairFG-2.local-4b23336a" start="1652680019164" dump="1652680020426"/><sessioninfo id="mairFG-2.local-ead778d9" start="1652680061454" dump="1652680062427"/><sessioninfo id="mairFG-2.local-c1118ba1" start="1652680092366" dump="1652680093520"/><package name="ec/gob/como/archivo/operacion"><class name="ec/gob/como/archivo/operacion/ManipulaJsonFile" sourcefilename="ManipulaJsonFile.java"><method name="&lt;init&gt;" desc="()V" line="16"><counter type="INSTRUCTION" missed="3" covered="0"/><counter type="LINE" missed="1" covered="0"/><counter type="COMPLEXITY" missed="1" covered="0"/><counter type="METHOD" missed="1" covered="0"/></method><method name="buscarBeneficio" desc="()Ljava/lang/String;" line="21"><counter type="INSTRUCTION" missed="74" covered="0"/><counter type="BRANCH" missed="2" covered="0"/><counter type="LINE" missed="23" covered="0"/><counter type="COMPLEXITY" missed="2" covered="0"/><counter type="METHOD" missed="1" covered="0"/></method><counter type="INSTRUCTION" missed="77" covered="0"/><counter type="BRANCH" missed="2" covered="0"/><counter type="LINE" missed="24" covered="0"/><counter type="COMPLEXITY" missed="3" covered="0"/><counter type="METHOD" missed="2" covered="0"/><counter type="CLASS" missed="1" covered="0"/></class><class name="ec/gob/como/archivo/operacion/TipoBeneficioArchivo" sourcefilename="TipoBeneficioArchivo.java"/><class name="ec/gob/como/archivo/operacion/ManipulaXmlFile" sourcefilename="ManipulaXmlFile.java"><method name="&lt;init&gt;" desc="()V" line="23"><counter type="INSTRUCTION" missed="3" covered="0"/><counter type="LINE" missed="1" covered="0"/><counter type="COMPLEXITY" missed="1" covered="0"/><counter type="METHOD" missed="1" covered="0"/></method><method name="buscarBeneficio" desc="()Ljava/lang/String;" line="27"><counter type="INSTRUCTION" missed="68" covered="0"/><counter type="BRANCH" missed="6" covered="0"/><counter type="LINE" missed="20" covered="0"/><counter type="COMPLEXITY" missed="4" covered="0"/><counter type="METHOD" missed="1" covered="0"/></method><method name="saveXMLContent" desc="(Lorg/w3c/dom/Document;Ljava/io/File;)V" line="66"><counter type="INSTRUCTION" missed="30" covered="0"/><counter type="LINE" missed="9" covered="0"/><counter type="COMPLEXITY" missed="1" covered="0"/><counter type="METHOD" missed="1" covered="0"/></method><counter type="INSTRUCTION" missed="101" covered="0"/><counter type="BRANCH" missed="6" covered="0"/><counter type="LINE" missed="30" covered="0"/><counter type="COMPLEXITY" missed="6" covered="0"/><counter type="METHOD" missed="3" covered="0"/><counter type="CLASS" missed="1" covered="0"/></class><sourcefile name="ManipulaJsonFile.java"><line nr="16" mi="3" ci="0" mb="0" cb="0"/><line nr="21" mi="4" ci="0" mb="0" cb="0"/><line nr="25" mi="3" ci="0" mb="0" cb="0"/><line nr="26" mi="5" ci="0" mb="0" cb="0"/><line nr="27" mi="4" ci="0" mb="0" cb="0"/><line nr="28" mi="3" ci="0" mb="0" cb="0"/><line nr="29" mi="5" ci="0" mb="0" cb="0"/><line nr="32" mi="3" ci="0" mb="2" cb="0"/><line nr="33" mi="5" ci="0" mb="0" cb="0"/><line nr="34" mi="4" ci="0" mb="0" cb="0"/><line nr="35" mi="5" ci="0" mb="0" cb="0"/><line nr="37" mi="9" ci="0" mb="0" cb="0"/><line nr="38" mi="4" ci="0" mb="0" cb="0"/><line nr="39" mi="1" ci="0" mb="0" cb="0"/><line nr="40" mi="2" ci="0" mb="0" cb="0"/><line nr="42" mi="2" ci="0" mb="0" cb="0"/><line nr="46" mi="2" ci="0" mb="0" cb="0"/><line nr="49" mi="1" ci="0" mb="0" cb="0"/><line nr="51" mi="3" ci="0" mb="0" cb="0"/><line nr="52" mi="1" ci="0" mb="0" cb="0"/><line nr="54" mi="3" ci="0" mb="0" cb="0"/><line nr="55" mi="1" ci="0" mb="0" cb="0"/><line nr="57" mi="2" ci="0" mb="0" cb="0"/><line nr="60" mi="2" ci="0" mb="0" cb="0"/><counter type="INSTRUCTION" missed="77" covered="0"/><counter type="BRANCH" missed="2" covered="0"/><counter type="LINE" missed="24" covered="0"/><counter type="COMPLEXITY" missed="3" covered="0"/><counter type="METHOD" missed="2" covered="0"/><counter type="CLASS" missed="1" covered="0"/></sourcefile><sourcefile name="ManipulaXmlFile.java"><line nr="23" mi="3" ci="0" mb="0" cb="0"/><line nr="27" mi="2" ci="0" mb="0" cb="0"/><line nr="29" mi="3" ci="0" mb="0" cb="0"/><line nr="30" mi="3" ci="0" mb="0" cb="0"/><line nr="31" mi="4" ci="0" mb="0" cb="0"/><line nr="32" mi="3" ci="0" mb="0" cb="0"/><line nr="34" mi="4" ci="0" mb="0" cb="0"/><line nr="36" mi="8" ci="0" mb="2" cb="0"/><line nr="38" mi="4" ci="0" mb="0" cb="0"/><line nr="40" mi="4" ci="0" mb="2" cb="0"/><line nr="41" mi="3" ci="0" mb="0" cb="0"/><line nr="42" mi="7" ci="0" mb="0" cb="0"/><line nr="43" mi="5" ci="0" mb="0" cb="0"/><line nr="44" mi="3" ci="0" mb="0" cb="0"/><line nr="45" mi="3" ci="0" mb="0" cb="0"/><line nr="49" mi="3" ci="0" mb="2" cb="0"/><line nr="50" mi="2" ci="0" mb="0" cb="0"/><line nr="52" mi="2" ci="0" mb="0" cb="0"/><line nr="58" mi="1" ci="0" mb="0" cb="0"/><line nr="59" mi="2" ci="0" mb="0" cb="0"/><line nr="61" mi="2" ci="0" mb="0" cb="0"/><line nr="66" mi="2" ci="0" mb="0" cb="0"/><line nr="67" mi="3" ci="0" mb="0" cb="0"/><line nr="68" mi="4" ci="0" mb="0" cb="0"/><line nr="69" mi="5" ci="0" mb="0" cb="0"/><line nr="70" mi="5" ci="0" mb="0" cb="0"/><line nr="71" mi="4" ci="0" mb="0" cb="0"/><line nr="72" mi="2" ci="0" mb="0" cb="0"/><line nr="73" mi="4" ci="0" mb="0" cb="0"/><line nr="75" mi="1" ci="0" mb="0" cb="0"/><counter type="INSTRUCTION" missed="101" covered="0"/><counter type="BRANCH" missed="6" covered="0"/><counter type="LINE" missed="30" covered="0"/><counter type="COMPLEXITY" missed="6" covered="0"/><counter type="METHOD" missed="3" covered="0"/><counter type="CLASS" missed="1" covered="0"/></sourcefile><sourcefile name="TipoBeneficioArchivo.java"/><counter type="INSTRUCTION" missed="178" covered="0"/><counter type="BRANCH" missed="8" covered="0"/><counter type="LINE" missed="54" covered="0"/><counter type="COMPLEXITY" missed="9" covered="0"/><counter type="METHOD" missed="5" covered="0"/><counter type="CLASS" missed="2" covered="0"/></package><package name="ec/gob/como/archivo/adapter"><class name="ec/gob/como/archivo/adapter/TipoBeneficioArchivoAdapter" sourcefilename="TipoBeneficioArchivoAdapter.java"><method name="&lt;init&gt;" desc="(Lec/gob/como/archivo/operacion/ManipulaJsonFile;Lec/gob/como/archivo/operacion/ManipulaXmlFile;)V" line="18"><counter type="INSTRUCTION" missed="9" covered="0"/><counter type="LINE" missed="4" covered="0"/><counter type="COMPLEXITY" missed="1" covered="0"/><counter type="METHOD" missed="1" covered="0"/></method><method name="buscarBeneficio" desc="(Ljava/lang/String;)Ljava/lang/String;" line="29"><counter type="INSTRUCTION" missed="12" covered="0"/><counter type="BRANCH" missed="2" covered="0"/><counter type="LINE" missed="3" covered="0"/><counter type="COMPLEXITY" missed="2" covered="0"/><counter type="METHOD" missed="1" covered="0"/></method><counter type="INSTRUCTION" missed="21" covered="0"/><counter type="BRANCH" missed="2" covered="0"/><counter type="LINE" missed="7" covered="0"/><counter type="COMPLEXITY" missed="3" covered="0"/><counter type="METHOD" missed="2" covered="0"/><counter type="CLASS" missed="1" covered="0"/></class><sourcefile name="TipoBeneficioArchivoAdapter.java"><line nr="18" mi="2" ci="0" mb="0" cb="0"/><line nr="20" mi="3" ci="0" mb="0" cb="0"/><line nr="21" mi="3" ci="0" mb="0" cb="0"/><line nr="22" mi="1" ci="0" mb="0" cb="0"/><line nr="29" mi="4" ci="0" mb="2" cb="0"/><line nr="30" mi="4" ci="0" mb="0" cb="0"/><line nr="32" mi="4" ci="0" mb="0" cb="0"/><counter type="INSTRUCTION" missed="21" covered="0"/><counter type="BRANCH" missed="2" covered="0"/><counter type="LINE" missed="7" covered="0"/><counter type="COMPLEXITY" missed="3" covered="0"/><counter type="METHOD" missed="2" covered="0"/><counter type="CLASS" missed="1" covered="0"/></sourcefile><counter type="INSTRUCTION" missed="21" covered="0"/><counter type="BRANCH" missed="2" covered="0"/><counter type="LINE" missed="7" covered="0"/><counter type="COMPLEXITY" missed="3" covered="0"/><counter type="METHOD" missed="2" covered="0"/><counter type="CLASS" missed="1" covered="0"/></package><counter type="INSTRUCTION" missed="199" covered="0"/><counter type="BRANCH" missed="10" covered="0"/><counter type="LINE" missed="61" covered="0"/><counter type="COMPLEXITY" missed="12" covered="0"/><counter type="METHOD" missed="7" covered="0"/><counter type="CLASS" missed="3" covered="0"/></report>